{
    "timestamp": "2025-07-18 15:58:41",
    "method": "POST",
    "server_vars": {
        "HTTP_AUTHORIZATION": "not set",
        "REDIRECT_HTTP_AUTHORIZATION": "not set"
    },
    "getallheaders_exists": true,
    "all_headers": {
        "Host": "localhost",
        "Connection": "keep-alive",
        "Content-Length": "131",
        "sec-ch-ua-platform": "\"macOS\"",
        "Authorization": "Bearer b1495b7611bcc7f9beecb05b001a1e31823bf61e5e636b05ee3d8b6a2d0c95f7",
        "User-Agent": "Mozilla\/5.0 (Macintosh; Intel Mac OS X 10_15_7) AppleWebKit\/537.36 (KHTML, like Gecko) Chrome\/137.0.0.0 Safari\/537.36",
        "sec-ch-ua": "\"Google Chrome\";v=\"137\", \"Chromium\";v=\"137\", \"Not\/A)Brand\";v=\"24\"",
        "Content-Type": "application\/json",
        "sec-ch-ua-mobile": "?0",
        "Accept": "*\/*",
        "Origin": "http:\/\/localhost",
        "Sec-Fetch-Site": "same-origin",
        "Sec-Fetch-Mode": "cors",
        "Sec-Fetch-Dest": "empty",
        "Referer": "http:\/\/localhost\/calendar-deutsch\/?year=2025&month=7",
        "Accept-Encoding": "gzip, deflate, br, zstd",
        "Accept-Language": "de-DE,de;q=0.9,en-US;q=0.8,en;q=0.7,fr;q=0.6,tr;q=0.5",
        "Cookie": "PHPSESSID=mh28r4bpuj711dhsrogd57t7k1; last_session=SES-20250616-F9645E"
    }
}
